\BOOKMARK [1][-]{section.1}{\376\377\000I\000n\000t\000r\000o\000d\000u\000c\000t\000i\000o\000n}{}% 1
\BOOKMARK [2][-]{subsection.1.1}{\376\377\000M\000o\000t\000i\000v\000a\000t\000i\000o\000n\000\040\000a\000n\000d\000\040\000P\000r\000o\000b\000l\000e\000m\000\040\000D\000e\000f\000i\000n\000i\000t\000i\000o\000n}{section.1}% 2
\BOOKMARK [2][-]{subsection.1.2}{\376\377\000T\000h\000e\000o\000r\000e\000t\000i\000c\000a\000l\000\040\000F\000o\000u\000n\000d\000a\000t\000i\000o\000n}{section.1}% 3
\BOOKMARK [2][-]{subsection.1.3}{\376\377\000G\000a\000s\000\040\000M\000o\000l\000e\000c\000u\000l\000a\000r\000\040\000D\000y\000n\000a\000m\000i\000c\000s\000\040\000F\000r\000a\000m\000e\000w\000o\000r\000k}{section.1}% 4
\BOOKMARK [2][-]{subsection.1.4}{\376\377\000S\000-\000E\000n\000t\000r\000o\000p\000y\000\040\000C\000o\000o\000r\000d\000i\000n\000a\000t\000e\000\040\000T\000r\000a\000n\000s\000f\000o\000r\000m\000a\000t\000i\000o\000n}{section.1}% 5
\BOOKMARK [2][-]{subsection.1.5}{\376\377\000M\000e\000t\000a\000-\000I\000n\000f\000o\000r\000m\000a\000t\000i\000o\000n\000\040\000E\000x\000t\000r\000a\000c\000t\000i\000o\000n\000\040\000a\000n\000d\000\040\000C\000o\000m\000p\000r\000e\000s\000s\000i\000o\000n}{section.1}% 6
\BOOKMARK [2][-]{subsection.1.6}{\376\377\000A\000p\000p\000l\000i\000c\000a\000t\000i\000o\000n\000\040\000t\000o\000\040\000L\000i\000f\000e\000\040\000S\000c\000i\000e\000n\000c\000e\000s\000\040\000I\000m\000a\000g\000i\000n\000g}{section.1}% 7
\BOOKMARK [2][-]{subsection.1.7}{\376\377\000O\000b\000j\000e\000c\000t\000i\000v\000e\000s\000\040\000a\000n\000d\000\040\000S\000c\000o\000p\000e}{section.1}% 8
\BOOKMARK [1][-]{section.2}{\376\377\000F\000l\000u\000o\000r\000e\000s\000c\000e\000n\000c\000e\000\040\000M\000i\000c\000r\000o\000s\000c\000o\000p\000y\000\040\000A\000n\000a\000l\000y\000s\000i\000s\000\040\000F\000r\000a\000m\000e\000w\000o\000r\000k}{}% 9
\BOOKMARK [2][-]{subsection.2.1}{\376\377\000T\000h\000e\000o\000r\000e\000t\000i\000c\000a\000l\000\040\000F\000o\000u\000n\000d\000a\000t\000i\000o\000n\000\040\000f\000o\000r\000\040\000F\000l\000u\000o\000r\000e\000s\000c\000e\000n\000c\000e\000\040\000A\000n\000a\000l\000y\000s\000i\000s}{section.2}% 10
\BOOKMARK [2][-]{subsection.2.2}{\376\377\000A\000d\000v\000a\000n\000c\000e\000d\000\040\000B\000a\000c\000k\000g\000r\000o\000u\000n\000d\000\040\000S\000u\000b\000t\000r\000a\000c\000t\000i\000o\000n\000\040\000M\000e\000t\000h\000o\000d\000s}{section.2}% 11
\BOOKMARK [3][-]{subsubsection.2.2.1}{\376\377\000G\000a\000u\000s\000s\000i\000a\000n\000\040\000B\000a\000c\000k\000g\000r\000o\000u\000n\000d\000\040\000E\000s\000t\000i\000m\000a\000t\000i\000o\000n}{subsection.2.2}% 12
\BOOKMARK [3][-]{subsubsection.2.2.2}{\376\377\000M\000o\000r\000p\000h\000o\000l\000o\000g\000i\000c\000a\000l\000\040\000B\000a\000c\000k\000g\000r\000o\000u\000n\000d\000\040\000S\000u\000b\000t\000r\000a\000c\000t\000i\000o\000n}{subsection.2.2}% 13
\BOOKMARK [3][-]{subsubsection.2.2.3}{\376\377\000R\000o\000l\000l\000i\000n\000g\000\040\000B\000a\000l\000l\000\040\000B\000a\000c\000k\000g\000r\000o\000u\000n\000d\000\040\000C\000o\000r\000r\000e\000c\000t\000i\000o\000n}{subsection.2.2}% 14
\BOOKMARK [2][-]{subsection.2.3}{\376\377\000E\000n\000h\000a\000n\000c\000e\000d\000\040\000S\000e\000g\000m\000e\000n\000t\000a\000t\000i\000o\000n\000\040\000a\000n\000d\000\040\000S\000t\000r\000u\000c\000t\000u\000r\000e\000\040\000D\000e\000t\000e\000c\000t\000i\000o\000n}{section.2}% 15
\BOOKMARK [3][-]{subsubsection.2.3.1}{\376\377\000A\000d\000a\000p\000t\000i\000v\000e\000\040\000T\000h\000r\000e\000s\000h\000o\000l\000d\000i\000n\000g}{subsection.2.3}% 16
\BOOKMARK [3][-]{subsubsection.2.3.2}{\376\377\000M\000o\000r\000p\000h\000o\000l\000o\000g\000i\000c\000a\000l\000\040\000R\000e\000f\000i\000n\000e\000m\000e\000n\000t}{subsection.2.3}% 17
\BOOKMARK [3][-]{subsubsection.2.3.3}{\376\377\000W\000a\000t\000e\000r\000s\000h\000e\000d\000\040\000S\000e\000g\000m\000e\000n\000t\000a\000t\000i\000o\000n}{subsection.2.3}% 18
\BOOKMARK [2][-]{subsection.2.4}{\376\377\000C\000o\000m\000p\000r\000e\000h\000e\000n\000s\000i\000v\000e\000\040\000Q\000u\000a\000n\000t\000i\000t\000a\000t\000i\000v\000e\000\040\000A\000n\000a\000l\000y\000s\000i\000s}{section.2}% 19
\BOOKMARK [3][-]{subsubsection.2.4.1}{\376\377\000I\000n\000t\000e\000n\000s\000i\000t\000y\000\040\000M\000e\000a\000s\000u\000r\000e\000m\000e\000n\000t\000s}{subsection.2.4}% 20
\BOOKMARK [3][-]{subsubsection.2.4.2}{\376\377\000S\000i\000g\000n\000a\000l\000-\000t\000o\000-\000N\000o\000i\000s\000e\000\040\000R\000a\000t\000i\000o\000\040\000A\000n\000a\000l\000y\000s\000i\000s}{subsection.2.4}% 21
\BOOKMARK [3][-]{subsubsection.2.4.3}{\376\377\000C\000o\000n\000t\000r\000a\000s\000t\000\040\000M\000e\000a\000s\000u\000r\000e\000m\000e\000n\000t}{subsection.2.4}% 22
\BOOKMARK [2][-]{subsection.2.5}{\376\377\000M\000o\000r\000p\000h\000o\000l\000o\000g\000i\000c\000a\000l\000\040\000C\000h\000a\000r\000a\000c\000t\000e\000r\000i\000z\000a\000t\000i\000o\000n}{section.2}% 23
\BOOKMARK [3][-]{subsubsection.2.5.1}{\376\377\000E\000c\000c\000e\000n\000t\000r\000i\000c\000i\000t\000y\000\040\000C\000a\000l\000c\000u\000l\000a\000t\000i\000o\000n}{subsection.2.5}% 24
\BOOKMARK [3][-]{subsubsection.2.5.2}{\376\377\000S\000o\000l\000i\000d\000i\000t\000y\000\040\000M\000e\000a\000s\000u\000r\000e\000m\000e\000n\000t}{subsection.2.5}% 25
\BOOKMARK [3][-]{subsubsection.2.5.3}{\376\377\000S\000p\000a\000t\000i\000a\000l\000\040\000D\000i\000s\000t\000r\000i\000b\000u\000t\000i\000o\000n\000\040\000A\000n\000a\000l\000y\000s\000i\000s}{subsection.2.5}% 26
\BOOKMARK [2][-]{subsection.2.6}{\376\377\000M\000u\000l\000t\000i\000-\000C\000h\000a\000n\000n\000e\000l\000\040\000C\000o\000l\000o\000c\000a\000l\000i\000z\000a\000t\000i\000o\000n\000\040\000A\000n\000a\000l\000y\000s\000i\000s}{section.2}% 27
\BOOKMARK [3][-]{subsubsection.2.6.1}{\376\377\000P\000e\000a\000r\000s\000o\000n\000\040\000C\000o\000r\000r\000e\000l\000a\000t\000i\000o\000n\000\040\000C\000o\000e\000f\000f\000i\000c\000i\000e\000n\000t}{subsection.2.6}% 28
\BOOKMARK [3][-]{subsubsection.2.6.2}{\376\377\000M\000a\000n\000d\000e\000r\000s\000'\000\040\000C\000o\000l\000o\000c\000a\000l\000i\000z\000a\000t\000i\000o\000n\000\040\000C\000o\000e\000f\000f\000i\000c\000i\000e\000n\000t\000s}{subsection.2.6}% 29
\BOOKMARK [3][-]{subsubsection.2.6.3}{\376\377\000O\000v\000e\000r\000l\000a\000p\000\040\000C\000o\000e\000f\000f\000i\000c\000i\000e\000n\000t}{subsection.2.6}% 30
\BOOKMARK [2][-]{subsection.2.7}{\376\377\000T\000i\000m\000e\000-\000S\000e\000r\000i\000e\000s\000\040\000A\000n\000a\000l\000y\000s\000i\000s\000\040\000a\000n\000d\000\040\000D\000y\000n\000a\000m\000i\000c\000\040\000P\000r\000o\000c\000e\000s\000s\000e\000s}{section.2}% 31
\BOOKMARK [3][-]{subsubsection.2.7.1}{\376\377\000P\000h\000o\000t\000o\000b\000l\000e\000a\000c\000h\000i\000n\000g\000\040\000M\000o\000d\000e\000l\000i\000n\000g}{subsection.2.7}% 32
\BOOKMARK [3][-]{subsubsection.2.7.2}{\376\377\000F\000l\000u\000o\000r\000e\000s\000c\000e\000n\000c\000e\000\040\000R\000e\000c\000o\000v\000e\000r\000y\000\040\000A\000n\000a\000l\000y\000s\000i\000s}{subsection.2.7}% 33
\BOOKMARK [2][-]{subsection.2.8}{\376\377\000S\000e\000g\000m\000e\000n\000t\000a\000t\000i\000o\000n\000\040\000Q\000u\000a\000l\000i\000t\000y\000\040\000A\000s\000s\000e\000s\000s\000m\000e\000n\000t}{section.2}% 34
\BOOKMARK [3][-]{subsubsection.2.8.1}{\376\377\000D\000i\000c\000e\000\040\000C\000o\000e\000f\000f\000i\000c\000i\000e\000n\000t}{subsection.2.8}% 35
\BOOKMARK [3][-]{subsubsection.2.8.2}{\376\377\000J\000a\000c\000c\000a\000r\000d\000\040\000I\000n\000d\000e\000x\000\040\000\050\000I\000o\000U\000\051}{subsection.2.8}% 36
\BOOKMARK [3][-]{subsubsection.2.8.3}{\376\377\000P\000i\000x\000e\000l\000\040\000A\000c\000c\000u\000r\000a\000c\000y}{subsection.2.8}% 37
\BOOKMARK [2][-]{subsection.2.9}{\376\377\000I\000n\000t\000e\000g\000r\000a\000t\000i\000o\000n\000\040\000w\000i\000t\000h\000\040\000T\000h\000e\000r\000m\000o\000d\000y\000n\000a\000m\000i\000c\000\040\000F\000r\000a\000m\000e\000w\000o\000r\000k}{section.2}% 38
\BOOKMARK [3][-]{subsubsection.2.9.1}{\376\377\000I\000n\000t\000e\000n\000s\000i\000t\000y\000-\000B\000a\000s\000e\000d\000\040\000M\000o\000l\000e\000c\000u\000l\000a\000r\000\040\000P\000r\000o\000p\000e\000r\000t\000i\000e\000s}{subsection.2.9}% 39
\BOOKMARK [3][-]{subsubsection.2.9.2}{\376\377\000F\000l\000u\000o\000r\000e\000s\000c\000e\000n\000c\000e\000\040\000E\000n\000e\000r\000g\000y\000\040\000L\000a\000n\000d\000s\000c\000a\000p\000e\000s}{subsection.2.9}% 40
\BOOKMARK [2][-]{subsection.2.10}{\376\377\000C\000o\000m\000p\000u\000t\000a\000t\000i\000o\000n\000a\000l\000\040\000P\000e\000r\000f\000o\000r\000m\000a\000n\000c\000e\000\040\000a\000n\000d\000\040\000O\000p\000t\000i\000m\000i\000z\000a\000t\000i\000o\000n}{section.2}% 41
\BOOKMARK [3][-]{subsubsection.2.10.1}{\376\377\000P\000r\000o\000c\000e\000s\000s\000i\000n\000g\000\040\000P\000i\000p\000e\000l\000i\000n\000e\000\040\000O\000p\000t\000i\000m\000i\000z\000a\000t\000i\000o\000n}{subsection.2.10}% 42
\BOOKMARK [3][-]{subsubsection.2.10.2}{\376\377\000P\000a\000r\000a\000l\000l\000e\000l\000\040\000P\000r\000o\000c\000e\000s\000s\000i\000n\000g\000\040\000A\000r\000c\000h\000i\000t\000e\000c\000t\000u\000r\000e}{subsection.2.10}% 43
\BOOKMARK [1][-]{section.3}{\376\377\000E\000l\000e\000c\000t\000r\000o\000n\000\040\000M\000i\000c\000r\000o\000s\000c\000o\000p\000y\000\040\000A\000n\000a\000l\000y\000s\000i\000s\000\040\000F\000r\000a\000m\000e\000w\000o\000r\000k}{}% 44
\BOOKMARK [2][-]{subsection.3.1}{\376\377\000T\000h\000e\000o\000r\000e\000t\000i\000c\000a\000l\000\040\000F\000o\000u\000n\000d\000a\000t\000i\000o\000n\000\040\000f\000o\000r\000\040\000U\000l\000t\000r\000a\000s\000t\000r\000u\000c\000t\000u\000r\000a\000l\000\040\000A\000n\000a\000l\000y\000s\000i\000s}{section.3}% 45
\BOOKMARK [2][-]{subsection.3.2}{\376\377\000M\000o\000d\000a\000l\000i\000t\000y\000-\000S\000p\000e\000c\000i\000f\000i\000c\000\040\000A\000n\000a\000l\000y\000s\000i\000s\000\040\000P\000a\000r\000a\000m\000e\000t\000e\000r\000s}{section.3}% 46
\BOOKMARK [3][-]{subsubsection.3.2.1}{\376\377\000T\000r\000a\000n\000s\000m\000i\000s\000s\000i\000o\000n\000\040\000E\000l\000e\000c\000t\000r\000o\000n\000\040\000M\000i\000c\000r\000o\000s\000c\000o\000p\000y\000\040\000\050\000T\000E\000M\000\051}{subsection.3.2}% 47
\BOOKMARK [3][-]{subsubsection.3.2.2}{\376\377\000S\000c\000a\000n\000n\000i\000n\000g\000\040\000E\000l\000e\000c\000t\000r\000o\000n\000\040\000M\000i\000c\000r\000o\000s\000c\000o\000p\000y\000\040\000\050\000S\000E\000M\000\051}{subsection.3.2}% 48
\BOOKMARK [3][-]{subsubsection.3.2.3}{\376\377\000C\000r\000y\000o\000-\000E\000l\000e\000c\000t\000r\000o\000n\000\040\000M\000i\000c\000r\000o\000s\000c\000o\000p\000y\000\040\000\050\000C\000r\000y\000o\000-\000E\000M\000\051}{subsection.3.2}% 49
\BOOKMARK [2][-]{subsection.3.3}{\376\377\000U\000l\000t\000r\000a\000s\000t\000r\000u\000c\000t\000u\000r\000e\000\040\000D\000e\000t\000e\000c\000t\000i\000o\000n\000\040\000a\000n\000d\000\040\000C\000l\000a\000s\000s\000i\000f\000i\000c\000a\000t\000i\000o\000n}{section.3}% 50
\BOOKMARK [3][-]{subsubsection.3.3.1}{\376\377\000E\000d\000g\000e\000\040\000D\000e\000t\000e\000c\000t\000i\000o\000n\000\040\000a\000n\000d\000\040\000C\000o\000n\000t\000o\000u\000r\000\040\000A\000n\000a\000l\000y\000s\000i\000s}{subsection.3.3}% 51
\BOOKMARK [3][-]{subsubsection.3.3.2}{\376\377\000M\000o\000r\000p\000h\000o\000l\000o\000g\000i\000c\000a\000l\000\040\000F\000e\000a\000t\000u\000r\000e\000\040\000E\000x\000t\000r\000a\000c\000t\000i\000o\000n}{subsection.3.3}% 52
\BOOKMARK [2][-]{subsection.3.4}{\376\377\000B\000i\000o\000l\000o\000g\000i\000c\000a\000l\000\040\000S\000t\000r\000u\000c\000t\000u\000r\000e\000\040\000C\000l\000a\000s\000s\000i\000f\000i\000c\000a\000t\000i\000o\000n}{section.3}% 53
\BOOKMARK [3][-]{subsubsection.3.4.1}{\376\377\000M\000i\000t\000o\000c\000h\000o\000n\000d\000r\000i\000a\000l\000\040\000D\000e\000t\000e\000c\000t\000i\000o\000n}{subsection.3.4}% 54
\BOOKMARK [3][-]{subsubsection.3.4.2}{\376\377\000N\000u\000c\000l\000e\000a\000r\000\040\000D\000e\000t\000e\000c\000t\000i\000o\000n}{subsection.3.4}% 55
\BOOKMARK [3][-]{subsubsection.3.4.3}{\376\377\000V\000e\000s\000i\000c\000l\000e\000\040\000C\000l\000a\000s\000s\000i\000f\000i\000c\000a\000t\000i\000o\000n}{subsection.3.4}% 56
\BOOKMARK [3][-]{subsubsection.3.4.4}{\376\377\000M\000e\000m\000b\000r\000a\000n\000e\000\040\000S\000t\000r\000u\000c\000t\000u\000r\000e\000\040\000D\000e\000t\000e\000c\000t\000i\000o\000n}{subsection.3.4}% 57
\BOOKMARK [2][-]{subsection.3.5}{\376\377\000C\000l\000a\000s\000s\000i\000f\000i\000c\000a\000t\000i\000o\000n\000\040\000C\000o\000n\000f\000i\000d\000e\000n\000c\000e\000\040\000a\000n\000d\000\040\000V\000a\000l\000i\000d\000a\000t\000i\000o\000n}{section.3}% 58
\BOOKMARK [3][-]{subsubsection.3.5.1}{\376\377\000C\000o\000n\000f\000i\000d\000e\000n\000c\000e\000\040\000C\000a\000l\000c\000u\000l\000a\000t\000i\000o\000n}{subsection.3.5}% 59
\BOOKMARK [3][-]{subsubsection.3.5.2}{\376\377\000S\000t\000r\000u\000c\000t\000u\000r\000e\000\040\000A\000s\000s\000i\000g\000n\000m\000e\000n\000t}{subsection.3.5}% 60
\BOOKMARK [2][-]{subsection.3.6}{\376\377\000S\000t\000a\000t\000i\000s\000t\000i\000c\000a\000l\000\040\000A\000n\000a\000l\000y\000s\000i\000s\000\040\000a\000n\000d\000\040\000S\000u\000m\000m\000a\000r\000y\000\040\000G\000e\000n\000e\000r\000a\000t\000i\000o\000n}{section.3}% 61
\BOOKMARK [3][-]{subsubsection.3.6.1}{\376\377\000S\000t\000r\000u\000c\000t\000u\000r\000e\000\040\000D\000i\000s\000t\000r\000i\000b\000u\000t\000i\000o\000n\000\040\000A\000n\000a\000l\000y\000s\000i\000s}{subsection.3.6}% 62
\BOOKMARK [3][-]{subsubsection.3.6.2}{\376\377\000M\000o\000r\000p\000h\000o\000l\000o\000g\000i\000c\000a\000l\000\040\000S\000t\000a\000t\000i\000s\000t\000i\000c\000s}{subsection.3.6}% 63
\BOOKMARK [2][-]{subsection.3.7}{\376\377\000I\000n\000t\000e\000g\000r\000a\000t\000i\000o\000n\000\040\000w\000i\000t\000h\000\040\000T\000h\000e\000r\000m\000o\000d\000y\000n\000a\000m\000i\000c\000\040\000F\000r\000a\000m\000e\000w\000o\000r\000k}{section.3}% 64
\BOOKMARK [3][-]{subsubsection.3.7.1}{\376\377\000S\000t\000r\000u\000c\000t\000u\000r\000e\000-\000B\000a\000s\000e\000d\000\040\000M\000o\000l\000e\000c\000u\000l\000a\000r\000\040\000P\000r\000o\000p\000e\000r\000t\000i\000e\000s}{subsection.3.7}% 65
\BOOKMARK [3][-]{subsubsection.3.7.2}{\376\377\000U\000l\000t\000r\000a\000s\000t\000r\000u\000c\000t\000u\000r\000a\000l\000\040\000E\000n\000e\000r\000g\000y\000\040\000L\000a\000n\000d\000s\000c\000a\000p\000e\000s}{subsection.3.7}% 66
\BOOKMARK [2][-]{subsection.3.8}{\376\377\000C\000o\000m\000p\000u\000t\000a\000t\000i\000o\000n\000a\000l\000\040\000I\000m\000p\000l\000e\000m\000e\000n\000t\000a\000t\000i\000o\000n\000\040\000a\000n\000d\000\040\000O\000p\000t\000i\000m\000i\000z\000a\000t\000i\000o\000n}{section.3}% 67
\BOOKMARK [3][-]{subsubsection.3.8.1}{\376\377\000P\000r\000o\000c\000e\000s\000s\000i\000n\000g\000\040\000P\000i\000p\000e\000l\000i\000n\000e}{subsection.3.8}% 68
\BOOKMARK [3][-]{subsubsection.3.8.2}{\376\377\000P\000e\000r\000f\000o\000r\000m\000a\000n\000c\000e\000\040\000O\000p\000t\000i\000m\000i\000z\000a\000t\000i\000o\000n}{subsection.3.8}% 69
\BOOKMARK [1][-]{section.4}{\376\377\000G\000a\000s\000\040\000M\000o\000l\000e\000c\000u\000l\000a\000r\000\040\000D\000y\000n\000a\000m\000i\000c\000s\000\040\000F\000r\000a\000m\000e\000w\000o\000r\000k}{}% 70
\BOOKMARK [2][-]{subsection.4.1}{\376\377\000T\000h\000e\000o\000r\000e\000t\000i\000c\000a\000l\000\040\000F\000o\000u\000n\000d\000a\000t\000i\000o\000n}{section.4}% 71
\BOOKMARK [2][-]{subsection.4.2}{\376\377\000I\000n\000f\000o\000r\000m\000a\000t\000i\000o\000n\000\040\000G\000a\000s\000\040\000M\000o\000l\000e\000c\000u\000l\000e\000\040\000D\000e\000f\000i\000n\000i\000t\000i\000o\000n}{section.4}% 72
\BOOKMARK [2][-]{subsection.4.3}{\376\377\000T\000h\000e\000r\000m\000o\000d\000y\000n\000a\000m\000i\000c\000\040\000S\000t\000a\000t\000e\000\040\000E\000v\000o\000l\000u\000t\000i\000o\000n}{section.4}% 73
\BOOKMARK [2][-]{subsection.4.4}{\376\377\000I\000n\000t\000e\000r\000m\000o\000l\000e\000c\000u\000l\000a\000r\000\040\000I\000n\000t\000e\000r\000a\000c\000t\000i\000o\000n\000\040\000P\000o\000t\000e\000n\000t\000i\000a\000l}{section.4}% 74
\BOOKMARK [2][-]{subsection.4.5}{\376\377\000F\000o\000r\000c\000e\000\040\000C\000a\000l\000c\000u\000l\000a\000t\000i\000o\000n\000\040\000a\000n\000d\000\040\000S\000y\000s\000t\000e\000m\000\040\000E\000v\000o\000l\000u\000t\000i\000o\000n}{section.4}% 75
\BOOKMARK [2][-]{subsection.4.6}{\376\377\000I\000m\000a\000g\000e\000-\000t\000o\000-\000M\000o\000l\000e\000c\000u\000l\000e\000\040\000C\000o\000n\000v\000e\000r\000s\000i\000o\000n}{section.4}% 76
\BOOKMARK [3][-]{subsubsection.4.6.1}{\376\377\000P\000r\000o\000t\000e\000i\000n\000\040\000S\000t\000r\000u\000c\000t\000u\000r\000e\000\040\000A\000n\000a\000l\000y\000s\000i\000s}{subsection.4.6}% 77
\BOOKMARK [3][-]{subsubsection.4.6.2}{\376\377\000C\000e\000l\000l\000u\000l\000a\000r\000\040\000S\000t\000r\000u\000c\000t\000u\000r\000e\000\040\000A\000n\000a\000l\000y\000s\000i\000s}{subsection.4.6}% 78
\BOOKMARK [2][-]{subsection.4.7}{\376\377\000S\000y\000s\000t\000e\000m\000\040\000P\000r\000o\000p\000e\000r\000t\000i\000e\000s\000\040\000a\000n\000d\000\040\000E\000q\000u\000i\000l\000i\000b\000r\000i\000u\000m\000\040\000A\000n\000a\000l\000y\000s\000i\000s}{section.4}% 79
\BOOKMARK [2][-]{subsection.4.8}{\376\377\000B\000i\000o\000l\000o\000g\000i\000c\000a\000l\000\040\000C\000l\000u\000s\000t\000e\000r\000i\000n\000g\000\040\000a\000n\000d\000\040\000I\000n\000t\000e\000r\000p\000r\000e\000t\000a\000t\000i\000o\000n}{section.4}% 80
\BOOKMARK [2][-]{subsection.4.9}{\376\377\000A\000p\000p\000l\000i\000c\000a\000t\000i\000o\000n\000-\000S\000p\000e\000c\000i\000f\000i\000c\000\040\000A\000d\000a\000p\000t\000a\000t\000i\000o\000n\000s}{section.4}% 81
\BOOKMARK [3][-]{subsubsection.4.9.1}{\376\377\000P\000r\000o\000t\000e\000i\000n\000\040\000F\000o\000l\000d\000i\000n\000g\000\040\000A\000n\000a\000l\000y\000s\000i\000s}{subsection.4.9}% 82
\BOOKMARK [3][-]{subsubsection.4.9.2}{\376\377\000C\000e\000l\000l\000u\000l\000a\000r\000\040\000P\000r\000o\000c\000e\000s\000s\000\040\000C\000l\000a\000s\000s\000i\000f\000i\000c\000a\000t\000i\000o\000n}{subsection.4.9}% 83
\BOOKMARK [2][-]{subsection.4.10}{\376\377\000C\000o\000m\000p\000u\000t\000a\000t\000i\000o\000n\000a\000l\000\040\000I\000m\000p\000l\000e\000m\000e\000n\000t\000a\000t\000i\000o\000n}{section.4}% 84
\BOOKMARK [1][-]{section.5}{\376\377\000S\000-\000E\000n\000t\000r\000o\000p\000y\000\040\000C\000o\000o\000r\000d\000i\000n\000a\000t\000e\000\040\000S\000y\000s\000t\000e\000m\000\040\000a\000n\000d\000\040\000M\000e\000t\000a\000-\000I\000n\000f\000o\000r\000m\000a\000t\000i\000o\000n\000\040\000F\000r\000a\000m\000e\000w\000o\000r\000k}{}% 85
\BOOKMARK [2][-]{subsection.5.1}{\376\377\000T\000h\000e\000o\000r\000e\000t\000i\000c\000a\000l\000\040\000F\000o\000u\000n\000d\000a\000t\000i\000o\000n\000\040\000o\000f\000\040\000S\000-\000E\000n\000t\000r\000o\000p\000y\000\040\000C\000o\000o\000r\000d\000i\000n\000a\000t\000e\000s}{section.5}% 86
\BOOKMARK [2][-]{subsection.5.2}{\376\377\000F\000o\000u\000r\000-\000D\000i\000m\000e\000n\000s\000i\000o\000n\000a\000l\000\040\000C\000o\000o\000r\000d\000i\000n\000a\000t\000e\000\040\000D\000e\000f\000i\000n\000i\000t\000i\000o\000n}{section.5}% 87
\BOOKMARK [3][-]{subsubsection.5.2.1}{\376\377\000S\000t\000r\000u\000c\000t\000u\000r\000a\000l\000\040\000C\000o\000m\000p\000l\000e\000x\000i\000t\000y\000\040\000D\000i\000m\000e\000n\000s\000i\000o\000n\000\040\000\050\0001\000\051}{subsection.5.2}% 88
\BOOKMARK [3][-]{subsubsection.5.2.2}{\376\377\000F\000u\000n\000c\000t\000i\000o\000n\000a\000l\000\040\000A\000c\000t\000i\000v\000i\000t\000y\000\040\000D\000i\000m\000e\000n\000s\000i\000o\000n\000\040\000\050\0002\000\051}{subsection.5.2}% 89
\BOOKMARK [3][-]{subsubsection.5.2.3}{\376\377\000M\000o\000r\000p\000h\000o\000l\000o\000g\000i\000c\000a\000l\000\040\000D\000i\000v\000e\000r\000s\000i\000t\000y\000\040\000D\000i\000m\000e\000n\000s\000i\000o\000n\000\040\000\050\0003\000\051}{subsection.5.2}% 90
\BOOKMARK [3][-]{subsubsection.5.2.4}{\376\377\000T\000e\000m\000p\000o\000r\000a\000l\000\040\000D\000y\000n\000a\000m\000i\000c\000s\000\040\000D\000i\000m\000e\000n\000s\000i\000o\000n\000\040\000\050\0004\000\051}{subsection.5.2}% 91
\BOOKMARK [2][-]{subsection.5.3}{\376\377\000B\000i\000o\000l\000o\000g\000i\000c\000a\000l\000\040\000C\000o\000n\000t\000e\000x\000t\000\040\000I\000n\000t\000e\000g\000r\000a\000t\000i\000o\000n}{section.5}% 92
\BOOKMARK [2][-]{subsection.5.4}{\376\377\000C\000o\000o\000r\000d\000i\000n\000a\000t\000e\000\040\000S\000p\000a\000c\000e\000\040\000P\000r\000o\000p\000e\000r\000t\000i\000e\000s}{section.5}% 93
\BOOKMARK [3][-]{subsubsection.5.4.1}{\376\377\000D\000i\000s\000t\000a\000n\000c\000e\000\040\000M\000e\000t\000r\000i\000c\000s}{subsection.5.4}% 94
\BOOKMARK [3][-]{subsubsection.5.4.2}{\376\377\000C\000o\000o\000r\000d\000i\000n\000a\000t\000e\000\040\000M\000a\000g\000n\000i\000t\000u\000d\000e}{subsection.5.4}% 95
\BOOKMARK [3][-]{subsubsection.5.4.3}{\376\377\000N\000o\000r\000m\000a\000l\000i\000z\000a\000t\000i\000o\000n}{subsection.5.4}% 96
\BOOKMARK [2][-]{subsection.5.5}{\376\377\000B\000i\000o\000l\000o\000g\000i\000c\000a\000l\000\040\000I\000n\000t\000e\000r\000p\000r\000e\000t\000a\000t\000i\000o\000n\000\040\000F\000r\000a\000m\000e\000w\000o\000r\000k}{section.5}% 97
\BOOKMARK [3][-]{subsubsection.5.5.1}{\376\377\000D\000o\000m\000i\000n\000a\000n\000t\000\040\000D\000i\000m\000e\000n\000s\000i\000o\000n\000\040\000A\000n\000a\000l\000y\000s\000i\000s}{subsection.5.5}% 98
\BOOKMARK [3][-]{subsubsection.5.5.2}{\376\377\000S\000e\000c\000o\000n\000d\000a\000r\000y\000\040\000C\000h\000a\000r\000a\000c\000t\000e\000r\000i\000s\000t\000i\000c\000\040\000I\000d\000e\000n\000t\000i\000f\000i\000c\000a\000t\000i\000o\000n}{subsection.5.5}% 99
\BOOKMARK [2][-]{subsection.5.6}{\376\377\000T\000r\000a\000j\000e\000c\000t\000o\000r\000y\000\040\000A\000n\000a\000l\000y\000s\000i\000s\000\040\000f\000o\000r\000\040\000T\000e\000m\000p\000o\000r\000a\000l\000\040\000D\000a\000t\000a}{section.5}% 100
\BOOKMARK [3][-]{subsubsection.5.6.1}{\376\377\000T\000r\000a\000j\000e\000c\000t\000o\000r\000y\000\040\000P\000r\000o\000p\000e\000r\000t\000i\000e\000s}{subsection.5.6}% 101
\BOOKMARK [3][-]{subsubsection.5.6.2}{\376\377\000D\000o\000m\000i\000n\000a\000n\000t\000\040\000M\000o\000t\000i\000o\000n\000\040\000A\000n\000a\000l\000y\000s\000i\000s}{subsection.5.6}% 102
\BOOKMARK [3][-]{subsubsection.5.6.3}{\376\377\000T\000r\000a\000j\000e\000c\000t\000o\000r\000y\000\040\000C\000l\000a\000s\000s\000i\000f\000i\000c\000a\000t\000i\000o\000n}{subsection.5.6}% 103
\BOOKMARK [2][-]{subsection.5.7}{\376\377\000M\000e\000t\000a\000-\000I\000n\000f\000o\000r\000m\000a\000t\000i\000o\000n\000\040\000E\000x\000t\000r\000a\000c\000t\000i\000o\000n\000\040\000F\000r\000a\000m\000e\000w\000o\000r\000k}{section.5}% 104
\BOOKMARK [3][-]{subsubsection.5.7.1}{\376\377\000I\000n\000f\000o\000r\000m\000a\000t\000i\000o\000n\000\040\000T\000y\000p\000e\000\040\000C\000l\000a\000s\000s\000i\000f\000i\000c\000a\000t\000i\000o\000n}{subsection.5.7}% 105
\BOOKMARK [3][-]{subsubsection.5.7.2}{\376\377\000S\000e\000m\000a\000n\000t\000i\000c\000\040\000D\000e\000n\000s\000i\000t\000y\000\040\000A\000n\000a\000l\000y\000s\000i\000s}{subsection.5.7}% 106
\BOOKMARK [3][-]{subsubsection.5.7.3}{\376\377\000C\000o\000m\000p\000r\000e\000s\000s\000i\000o\000n\000\040\000P\000o\000t\000e\000n\000t\000i\000a\000l\000\040\000E\000s\000t\000i\000m\000a\000t\000i\000o\000n}{subsection.5.7}% 107
\BOOKMARK [3][-]{subsubsection.5.7.4}{\376\377\000S\000t\000r\000u\000c\000t\000u\000r\000a\000l\000\040\000C\000o\000m\000p\000l\000e\000x\000i\000t\000y\000\040\000Q\000u\000a\000n\000t\000i\000f\000i\000c\000a\000t\000i\000o\000n}{subsection.5.7}% 108
\BOOKMARK [2][-]{subsection.5.8}{\376\377\000I\000n\000t\000e\000g\000r\000a\000t\000i\000o\000n\000\040\000w\000i\000t\000h\000\040\000G\000a\000s\000\040\000M\000o\000l\000e\000c\000u\000l\000a\000r\000\040\000D\000y\000n\000a\000m\000i\000c\000s}{section.5}% 109
\BOOKMARK [3][-]{subsubsection.5.8.1}{\376\377\000C\000o\000o\000r\000d\000i\000n\000a\000t\000e\000-\000B\000a\000s\000e\000d\000\040\000P\000r\000o\000p\000e\000r\000t\000y\000\040\000M\000a\000p\000p\000i\000n\000g}{subsection.5.8}% 110
\BOOKMARK [3][-]{subsubsection.5.8.2}{\376\377\000E\000n\000t\000r\000o\000p\000y\000-\000G\000u\000i\000d\000e\000d\000\040\000E\000q\000u\000i\000l\000i\000b\000r\000a\000t\000i\000o\000n}{subsection.5.8}% 111
\BOOKMARK [2][-]{subsection.5.9}{\376\377\000C\000o\000m\000p\000u\000t\000a\000t\000i\000o\000n\000a\000l\000\040\000I\000m\000p\000l\000e\000m\000e\000n\000t\000a\000t\000i\000o\000n\000\040\000a\000n\000d\000\040\000V\000i\000s\000u\000a\000l\000i\000z\000a\000t\000i\000o\000n}{section.5}% 112
\BOOKMARK [3][-]{subsubsection.5.9.1}{\376\377\000T\000r\000a\000n\000s\000f\000o\000r\000m\000a\000t\000i\000o\000n\000\040\000P\000i\000p\000e\000l\000i\000n\000e}{subsection.5.9}% 113
\BOOKMARK [1][-]{section.6}{\376\377\000C\000r\000o\000s\000s\000-\000M\000o\000d\000u\000l\000e\000\040\000I\000n\000t\000e\000g\000r\000a\000t\000i\000o\000n\000\040\000a\000n\000d\000\040\000S\000y\000n\000e\000r\000g\000i\000s\000t\000i\000c\000\040\000A\000n\000a\000l\000y\000s\000i\000s}{}% 114
\BOOKMARK [2][-]{subsection.6.1}{\376\377\000T\000h\000e\000o\000r\000e\000t\000i\000c\000a\000l\000\040\000F\000r\000a\000m\000e\000w\000o\000r\000k\000\040\000f\000o\000r\000\040\000M\000o\000d\000u\000l\000e\000\040\000I\000n\000t\000e\000r\000d\000e\000p\000e\000n\000d\000e\000n\000c\000e}{section.6}% 115
\BOOKMARK [2][-]{subsection.6.2}{\376\377\000G\000a\000s\000\040\000M\000o\000l\000e\000c\000u\000l\000a\000r\000\040\000D\000y\000n\000a\000m\000i\000c\000s\000\040\000a\000s\000\040\000F\000o\000u\000n\000d\000a\000t\000i\000o\000n\000\040\000L\000a\000y\000e\000r}{section.6}% 116
\BOOKMARK [2][-]{subsection.6.3}{\376\377\000S\000-\000E\000n\000t\000r\000o\000p\000y\000\040\000C\000o\000o\000r\000d\000i\000n\000a\000t\000e\000\040\000S\000y\000s\000t\000e\000m\000\040\000a\000s\000\040\000I\000n\000t\000e\000g\000r\000a\000t\000i\000o\000n\000\040\000L\000a\000y\000e\000r}{section.6}% 117
\BOOKMARK [2][-]{subsection.6.4}{\376\377\000M\000e\000t\000a\000-\000I\000n\000f\000o\000r\000m\000a\000t\000i\000o\000n\000\040\000E\000x\000t\000r\000a\000c\000t\000i\000o\000n\000\040\000a\000s\000\040\000S\000y\000n\000t\000h\000e\000s\000i\000s\000\040\000L\000a\000y\000e\000r}{section.6}% 118
\BOOKMARK [2][-]{subsection.6.5}{\376\377\000I\000n\000f\000o\000r\000m\000a\000t\000i\000o\000n\000\040\000F\000l\000o\000w\000\040\000a\000n\000d\000\040\000F\000e\000e\000d\000b\000a\000c\000k\000\040\000M\000e\000c\000h\000a\000n\000i\000s\000m\000s}{section.6}% 119
\BOOKMARK [2][-]{subsection.6.6}{\376\377\000E\000m\000p\000i\000r\000i\000c\000a\000l\000\040\000E\000v\000i\000d\000e\000n\000c\000e\000\040\000f\000o\000r\000\040\000S\000y\000n\000e\000r\000g\000i\000s\000t\000i\000c\000\040\000E\000n\000h\000a\000n\000c\000e\000m\000e\000n\000t}{section.6}% 120
\BOOKMARK [2][-]{subsection.6.7}{\376\377\000T\000h\000e\000r\000m\000o\000d\000y\000n\000a\000m\000i\000c\000\040\000C\000o\000n\000s\000i\000s\000t\000e\000n\000c\000y\000\040\000A\000c\000r\000o\000s\000s\000\040\000M\000o\000d\000u\000l\000e\000s}{section.6}% 121
\BOOKMARK [1][-]{section.7}{\376\377\000C\000o\000n\000c\000l\000u\000s\000i\000o\000n}{}% 122
